# JRE version: Java(TM) SE Runtime Environment (9.0+11) (build 9.0.4+11)
# Java VM: Java HotSpot(TM) 64-Bit Server VM (9.0.4+11, mixed mode, tiered, compressed oops, g1 gc, windows-amd64)
Heap:
 garbage-first heap   total 248832K, used 111069K [0x0000000700000000, 0x0000000700100798, 0x00000007c0000000)
  region size 1024K, 35 young (35840K), 2 survivors (2048K)
 Metaspace       used 86990K, capacity 89068K, committed 95792K, reserved 1132544K
  class space    used 11251K, capacity 11680K, committed 13104K, reserved 1048576K
GC Heap History (10 events):
Event: 64851.427 GC heap before
{Heap before GC invocations=3487 (full 39):
 garbage-first heap   total 248832K, used 137527K [0x0000000700000000, 0x0000000700100798, 0x00000007c0000000)
  region size 1024K, 60 young (61440K), 2 survivors (2048K)
 Metaspace       used 86987K, capacity 89062K, committed 95792K, reserved 1132544K
  class space    used 11250K, capacity 11679K, committed 13104K, reserved 1048576K
}
Event: 64851.433 GC heap after
{Heap after GC invocations=3488 (full 39):
 garbage-first heap   total 248832K, used 78032K [0x0000000700000000, 0x0000000700100798, 0x00000007c0000000)
  region size 1024K, 2 young (2048K), 2 survivors (2048K)
 Metaspace       used 86987K, capacity 89062K, committed 95792K, reserved 1132544K
  class space    used 11250K, capacity 11679K, committed 13104K, reserved 1048576K
}
Event: 64874.598 GC heap before
{Heap before GC invocations=3488 (full 39):
 garbage-first heap   total 248832K, used 137424K [0x0000000700000000, 0x0000000700100798, 0x00000007c0000000)
  region size 1024K, 60 young (61440K), 2 survivors (2048K)
 Metaspace       used 86987K, capacity 89062K, committed 95792K, reserved 1132544K
  class space    used 11250K, capacity 11679K, committed 13104K, reserved 1048576K
}
Event: 64874.605 GC heap after
{Heap after GC invocations=3489 (full 39):
 garbage-first heap   total 248832K, used 78072K [0x0000000700000000, 0x0000000700100798, 0x00000007c0000000)
  region size 1024K, 2 young (2048K), 2 survivors (2048K)
 Metaspace       used 86987K, capacity 89062K, committed 95792K, reserved 1132544K
  class space    used 11250K, capacity 11679K, committed 13104K, reserved 1048576K
}
Event: 64935.561 GC heap before
{Heap before GC invocations=3489 (full 39):
 garbage-first heap   total 248832K, used 137464K [0x0000000700000000, 0x0000000700100798, 0x00000007c0000000)
  region size 1024K, 60 young (61440K), 2 survivors (2048K)
 Metaspace       used 86987K, capacity 89062K, committed 95792K, reserved 1132544K
  class space    used 11250K, capacity 11679K, committed 13104K, reserved 1048576K
}
Event: 64935.565 GC heap after
{Heap after GC invocations=3490 (full 39):
 garbage-first heap   total 248832K, used 78228K [0x0000000700000000, 0x0000000700100798, 0x00000007c0000000)
  region size 1024K, 2 young (2048K), 2 survivors (2048K)
 Metaspace       used 86987K, capacity 89062K, committed 95792K, reserved 1132544K
  class space    used 11250K, capacity 11679K, committed 13104K, reserved 1048576K
}
Event: 64954.086 GC heap before
{Heap before GC invocations=3490 (full 39):
 garbage-first heap   total 248832K, used 137620K [0x0000000700000000, 0x0000000700100798, 0x00000007c0000000)
  region size 1024K, 60 young (61440K), 2 survivors (2048K)
 Metaspace       used 86987K, capacity 89062K, committed 95792K, reserved 1132544K
  class space    used 11250K, capacity 11679K, committed 13104K, reserved 1048576K
}
Event: 64954.090 GC heap after
{Heap after GC invocations=3491 (full 39):
 garbage-first heap   total 248832K, used 78210K [0x0000000700000000, 0x0000000700100798, 0x00000007c0000000)
  region size 1024K, 2 young (2048K), 2 survivors (2048K)
 Metaspace       used 86987K, capacity 89062K, committed 95792K, reserved 1132544K
  class space    used 11250K, capacity 11679K, committed 13104K, reserved 1048576K
}
Event: 64969.922 GC heap before
{Heap before GC invocations=3491 (full 39):
 garbage-first heap   total 248832K, used 137602K [0x0000000700000000, 0x0000000700100798, 0x00000007c0000000)
  region size 1024K, 60 young (61440K), 2 survivors (2048K)
 Metaspace       used 86990K, capacity 89068K, committed 95792K, reserved 1132544K
  class space    used 11251K, capacity 11680K, committed 13104K, reserved 1048576K
}
Event: 64969.928 GC heap after
{Heap after GC invocations=3492 (full 39):
 garbage-first heap   total 248832K, used 78301K [0x0000000700000000, 0x0000000700100798, 0x00000007c0000000)
  region size 1024K, 2 young (2048K), 2 survivors (2048K)
 Metaspace       used 86990K, capacity 89068K, committed 95792K, reserved 1132544K
  class space    used 11251K, capacity 11680K, committed 13104K, reserved 1048576K
}

